#
# There is insufficient memory for the Java Runtime Environment to continue.
# Native memory allocation (malloc) failed to allocate 1048576 bytes for AllocateHeap
# Possible reasons:
#   The system is out of physical RAM or swap space
#   In 32 bit mode, the process size limit was hit
# Possible solutions:
#   Reduce memory load on the system
#   Increase physical memory or swap space
#   Check if swap backing store is full
#   Use 64 bit Java on a 64 bit OS
#   Decrease Java heap size (-Xmx/-Xms)
#   Decrease number of Java threads
#   Decrease Java thread stack sizes (-Xss)
#   Set larger code cache with -XX:ReservedCodeCacheSize=
# This output file may be truncated or incomplete.
#
#  Out of Memory Error (memory/allocation.inline.hpp:61), pid=18572, tid=10088
#
# JRE version:  (8.0_71-b15) (build )
# Java VM: Java HotSpot(TM) 64-Bit Server VM (25.71-b15 mixed mode windows-amd64 compressed oops)
# Failed to write core dump. Minidumps are not enabled by default on client versions of Windows
#

---------------  T H R E A D  ---------------

Current thread (0x0000000002652800):  JavaThread "Unknown thread" [_thread_in_vm, id=10088, stack(0x0000000002190000,0x0000000002290000)]

Stack: [0x0000000002190000,0x0000000002290000]
[error occurred during error reporting (printing stack bounds), id 0xc0000005]

Native frames: (J=compiled Java code, j=interpreted, Vv=VM code, C=native code)


---------------  P R O C E S S  ---------------

Java Threads: ( => current thread )

Other Threads:

=>0x0000000002652800 (exited) JavaThread "Unknown thread" [_thread_in_vm, id=10088, stack(0x0000000002190000,0x0000000002290000)]

VM state:not at safepoint (normal execution)

VM Mutex/Monitor currently owned by a thread: None

Heap:
 PSYoungGen      total 35840K, used 614K [0x00000000d8200000, 0x00000000daa00000, 0x0000000100000000)
  eden space 30720K, 2% used [0x00000000d8200000,0x00000000d82999a8,0x00000000da000000)
  from space 5120K, 0% used [0x00000000da500000,0x00000000da500000,0x00000000daa00000)
  to   space 5120K, 0% used [0x00000000da000000,0x00000000da000000,0x00000000da500000)
 ParOldGen       total 81920K, used 0K [0x0000000088600000, 0x000000008d600000, 0x00000000d8200000)
  object space 81920K, 0% used [0x0000000088600000,0x0000000088600000,0x000000008d600000)
 Metaspace       used 783K, capacity 1092K, committed 1152K, reserved 1060864K
  class space    used 75K, capacity 384K, committed 384K, reserved 1048576K

Card table byte_map: [0x0000000011b10000,0x0000000011ed0000] byte_map_base: 0x00000000116cd000

Marking Bits: (ParMarkBitMap*) 0x000000005efaf600
 Begin Bits: [0x0000000012350000, 0x0000000014138000)
 End Bits:   [0x0000000014138000, 0x0000000015f20000)

Polling page: 0x0000000002290000

CodeCache: size=245760Kb used=327Kb max_used=327Kb free=245432Kb
 bounds [0x0000000002750000, 0x00000000029c0000, 0x0000000011750000]
 total_blobs=56 nmethods=0 adapters=37
 compilation: enabled

Compilation events (0 events):
No events

GC Heap History (0 events):
No events

Deoptimization events (0 events):
No events

Internal exceptions (0 events):
No events

Events (10 events):
Event: 0.051 loading class java/lang/Short
Event: 0.051 loading class java/lang/Short done
Event: 0.052 loading class java/lang/Integer
Event: 0.052 loading class java/lang/Integer done
Event: 0.052 loading class java/lang/Long
Event: 0.052 loading class java/lang/Long done
Event: 0.053 loading class java/lang/NullPointerException
Event: 0.054 loading class java/lang/NullPointerException done
Event: 0.054 loading class java/lang/ArithmeticException
Event: 0.054 loading class java/lang/ArithmeticException done


Dynamic libraries:
0x00007ff786110000 - 0x00007ff786147000 	E:\Program Files\Java\jdk1.8.0_71\bin\javaw.exe
0x00007ffff8b80000 - 0x00007ffff8d41000 	C:\WINDOWS\SYSTEM32\ntdll.dll
0x00007ffff8550000 - 0x00007ffff85fd000 	C:\WINDOWS\system32\KERNEL32.DLL
0x00007ffff56b0000 - 0x00007ffff588d000 	C:\WINDOWS\system32\KERNELBASE.dll
0x00007ffff83e0000 - 0x00007ffff8486000 	C:\WINDOWS\system32\ADVAPI32.dll
0x00007ffff7c60000 - 0x00007ffff7cfd000 	C:\WINDOWS\system32\msvcrt.dll
0x00007ffff84f0000 - 0x00007ffff854b000 	C:\WINDOWS\system32\sechost.dll
0x00007ffff7b30000 - 0x00007ffff7c56000 	C:\WINDOWS\system32\RPCRT4.dll
0x00007ffff79e0000 - 0x00007ffff7b2e000 	C:\WINDOWS\system32\USER32.dll
0x00007ffff7780000 - 0x00007ffff7906000 	C:\WINDOWS\system32\GDI32.dll
0x00007fffecda0000 - 0x00007fffed014000 	C:\WINDOWS\WinSxS\amd64_microsoft.windows.common-controls_6595b64144ccf1df_6.0.10240.16384_none_f41f7b285750ef43\COMCTL32.dll
0x00007ffff7930000 - 0x00007ffff7966000 	C:\WINDOWS\system32\IMM32.DLL
0x00007ffff7ed0000 - 0x00007ffff802c000 	C:\WINDOWS\system32\MSCTF.dll
0x000000005fa30000 - 0x000000005fb02000 	E:\Program Files\Java\jdk1.8.0_71\jre\bin\msvcr100.dll
0x000000005e7a0000 - 0x000000005f02f000 	E:\Program Files\Java\jdk1.8.0_71\jre\bin\server\jvm.dll
0x00007ffff87c0000 - 0x00007ffff87c8000 	C:\WINDOWS\system32\PSAPI.DLL
0x00007fffea010000 - 0x00007fffea019000 	C:\WINDOWS\SYSTEM32\WSOCK32.dll
0x00007ffff8a30000 - 0x00007ffff8a99000 	C:\WINDOWS\system32\WS2_32.dll
0x00007ffff7970000 - 0x00007ffff7978000 	C:\WINDOWS\system32\NSI.dll
0x00007ffff3890000 - 0x00007ffff38b3000 	C:\WINDOWS\SYSTEM32\WINMM.dll
0x00007ffff30d0000 - 0x00007ffff30da000 	C:\WINDOWS\SYSTEM32\VERSION.dll
0x00007ffff3700000 - 0x00007ffff372c000 	C:\WINDOWS\SYSTEM32\WINMMBASE.dll
0x00007ffff6200000 - 0x00007ffff6244000 	C:\WINDOWS\system32\cfgmgr32.dll
0x00007ffff3e80000 - 0x00007ffff3ea7000 	C:\WINDOWS\SYSTEM32\DEVOBJ.dll
0x000000005fd80000 - 0x000000005fd8f000 	E:\Program Files\Java\jdk1.8.0_71\jre\bin\verify.dll
0x000000005fb80000 - 0x000000005fba9000 	E:\Program Files\Java\jdk1.8.0_71\jre\bin\java.dll
0x000000005fb60000 - 0x000000005fb76000 	E:\Program Files\Java\jdk1.8.0_71\jre\bin\zip.dll

VM Arguments:
jvm_args: -Dfile.encoding=GBK 
java_command: muandroid.gui.WelcomeFrame
java_class_path (initial): E:\Users\Administrator\workspace\MuAndroid\bin;E:\Users\Administrator\workspace\MuAndroid\xmparsellib\dom4j-2.0.0-RC1.jar;E:\Users\Administrator\workspace\MuAndroid\xmparsellib\jaxen-1.1.jar;E:\Users\Administrator\workspace\MuAndroid\xmparsellib\org.apache.servicemix.bundles.xsdlib-2013.6.1_1.jar;E:\Users\Administrator\workspace\MuAndroid\xmparsellib\pull-parser-2.1.10.jar;E:\Users\Administrator\workspace\MuAndroid\xmparsellib\relaxngDatatype-1.0.jar;E:\Users\Administrator\workspace\MuAndroid\javaparselib\junit-4.8.2.jar;E:\Users\Administrator\workspace\MuAndroid\javaparselib\tools.jar;E:\Users\Administrator\workspace\MuAndroid\javaparselib\android.jar;E:\Users\Administrator\workspace\MuAndroid\javaparselib\commons-io-2.4.jar;E:\Users\Administrator\workspace\MuAndroid\javaparselib\openjava.jar
Launcher Type: SUN_STANDARD

Environment Variables:
JAVA_HOME=E:\Program Files\Java\jdk1.8.0_71
CLASSPATH=E:\Program Files\Java\jdk1.8.0_71\lib;E:\Program Files\Java\jdk1.8.0_71\lib\tools.jar;E:\mujava\mujava.jar;E:\mujava\openjava.jar;E:\mujava\classes;ANDROID_HOME;E:\Users\Administrator\AppData\Local\Android\sdk\tools\lib;
PATH=E:/Program Files/Java/jre8/bin/server;E:/Program Files/Java/jre8/bin;E:/Program Files/Java/jre8/lib/amd64;E:\Program Files\Java\jdk1.8.0_71\bin;E:\Program Files\Java\jdk1.8.0_71;C:\ProgramData\Oracle\Java\javapath;C:\Program Files (x86)\AMD APP\bin\x86_64;C:\Program Files (x86)\AMD APP\bin\x86;C:\WINDOWS\system32;C:\WINDOWS;C:\WINDOWS\System32\Wbem;C:\WINDOWS\System32\WindowsPowerShell\v1.0\;C:\Program Files (x86)\ATI Technologies\ATI.ACE\Core-Static;E:\Program Files\ATI Technologies\ATI.ACE\Core-Static;C:\Program Files (x86)\Windows Kits\8.1\Windows Performance Toolkit\;C:\Program Files\Microsoft SQL Server\110\Tools\Binn\;E:\Program Files\AMD\ATI.ACE\Core-Static;E:\Dwimperl\perl\bin;E:\Dwimperl\perl\site\bin;E:\Dwimperl\c\bin;E:\Users\Administrator\AppData\Local\Android\sdk\platform-tools;E:\Users\Administrator\AppData\Local\Android\sdk\build-tools\22.0.1;E:\Users\Administrator\AppData\Local\Android\sdk\platform-tools;E:\Program Files\Java\jre7\bin;E:\Program Files\ant\bin;E:\Program Files\maven\\bin;E:\Program Files\maven\bin;E:\gradle\bin;C:\strawberry\c\bin;C:\strawberry\perl\bin;E:\Program Files (x86)\Microsoft Visual Studio\Common\Tools\WinNT;E:\Program Files (x86)\Microsoft Visual Studio\Common\MSDev98\Bin;E:\Program Files (x86)\Microsoft Visual Studio\Common\Tools;E:\Program Files (x86)\Microsoft Visual Studio\VC98\bin;C:\WINDOWS\System32;
USERNAME=Administrator
OS=Windows_NT
PROCESSOR_IDENTIFIER=AMD64 Family 18 Model 1 Stepping 0, AuthenticAMD



---------------  S Y S T E M  ---------------

OS: Windows 10.0 , 64 bit Build 10240 (10.0.10240.16384)

CPU:total 2 (2 cores per cpu, 1 threads per core) family 18 model 1 stepping 0, cmov, cx8, fxsr, mmx, sse, sse2, sse3, popcnt, mmxext, 3dnowpref, lzcnt, sse4a, tsc, tscinvbit, tscinv

Memory: 4k page, physical 7835756k(226436k free), swap 23301864k(4576k free)

vm_info: Java HotSpot(TM) 64-Bit Server VM (25.71-b15) for windows-amd64 JRE (1.8.0_71-b15), built on Dec 22 2015 18:15:55 by "java_re" with MS VC++ 10.0 (VS2010)

time: Tue Apr 26 09:30:46 2016
elapsed time: 0 seconds (0d 0h 0m 0s)

